<?xml version="1.0" encoding="UTF-8"?>
<testsuite name="censusanalyser.CensusAnalyserTest" tests="4" skipped="0" failures="0" errors="0" timestamp="2019-12-10T07:08:45" hostname="admin123-desktop" time="0.236">
  <properties/>
  <testcase name="givenIndiaCensusData_WhenSortedOnState_ShouldReturnSortedState" classname="censusanalyser.CensusAnalyserTest" time="0.158"/>
  <testcase name="givenIndianCensusCSVFileReturnsCorrectRecords" classname="censusanalyser.CensusAnalyserTest" time="0.032"/>
  <testcase name="givenIndiaStateCode_ShouldReturnExpectedCount" classname="censusanalyser.CensusAnalyserTest" time="0.041"/>
  <testcase name="givenIndiaCensusData_WithWrongFile_ShouldThrowException" classname="censusanalyser.CensusAnalyserTest" time="0.003"/>
  <system-out><![CDATA[]]></system-out>
  <system-err><![CDATA[]]></system-err>
</testsuite>
